This is pdfTeX, Version 3.141592653-2.6-1.40.24 (MiKTeX 22.1) (preloaded format=pdflatex 2022.3.23)  9 MAY 2022 21:48
entering extended mode
 \write18 enabled.
 %&-line parsing enabled.
**presentation.tex flag
(presentation.tex
LaTeX2e <2021-11-15> patch level 1
L3 programming layer <2022-02-24> (configuration.tex
(/Users/gemmarosellguilella/Library/Application Support/MiKTeX/texmfs/install/t
ex/latex/beamer/beamer.cls
Document Class: beamer 2022/02/08 v3.66 A class for typesetting presentations

(/Users/gemmarosellguilella/Library/Application Support/MiKTeX/texmfs/install/t
ex/latex/beamer/beamerbasemodes.sty
(/Users/gemmarosellguilella/Library/Application Support/MiKTeX/texmfs/install/t
ex/latex/etoolbox/etoolbox.sty
Package: etoolbox 2020/10/05 v2.5k e-TeX tools for LaTeX (JAW)
\etb@tempcnta=\count185
)
\beamer@tempbox=\box50
\beamer@tempcount=\count186
\c@beamerpauses=\count187

(/Users/gemmarosellguilella/Library/Application Support/MiKTeX/texmfs/install/t
ex/latex/beamer/beamerbasedecode.sty
\beamer@slideinframe=\count188
\beamer@minimum=\count189
\beamer@decode@box=\box51
)
\beamer@commentbox=\box52
\beamer@modecount=\count190
)
(/Users/gemmarosellguilella/Library/Application Support/MiKTeX/texmfs/install/t
ex/generic/iftex/iftex.sty
Package: iftex 2022/02/03 v1.0f TeX engine tests
)
\headdp=\dimen138
\footheight=\dimen139
\sidebarheight=\dimen140
\beamer@tempdim=\dimen141
\beamer@finalheight=\dimen142
\beamer@animht=\dimen143
\beamer@animdp=\dimen144
\beamer@animwd=\dimen145
\beamer@leftmargin=\dimen146
\beamer@rightmargin=\dimen147
\beamer@leftsidebar=\dimen148
\beamer@rightsidebar=\dimen149
\beamer@boxsize=\dimen150
\beamer@vboxoffset=\dimen151
\beamer@descdefault=\dimen152
\beamer@descriptionwidth=\dimen153
\beamer@lastskip=\skip47
\beamer@areabox=\box53
\beamer@animcurrent=\box54
\beamer@animshowbox=\box55
\beamer@sectionbox=\box56
\beamer@logobox=\box57
\beamer@linebox=\box58
\beamer@sectioncount=\count191
\beamer@subsubsectionmax=\count192
\beamer@subsectionmax=\count193
\beamer@sectionmax=\count194
\beamer@totalheads=\count195
\beamer@headcounter=\count196
\beamer@partstartpage=\count197
\beamer@sectionstartpage=\count198
\beamer@subsectionstartpage=\count199
\beamer@animationtempa=\count266
\beamer@animationtempb=\count267
\beamer@xpos=\count268
\beamer@ypos=\count269
\beamer@ypos@offset=\count270
\beamer@showpartnumber=\count271
\beamer@currentsubsection=\count272
\beamer@coveringdepth=\count273
\beamer@sectionadjust=\count274
\beamer@toclastsection=\count275
\beamer@tocsectionnumber=\count276

(/Users/gemmarosellguilella/Library/Application Support/MiKTeX/texmfs/install/t
ex/latex/beamer/beamerbaseoptions.sty
(/Users/gemmarosellguilella/Library/Application Support/MiKTeX/texmfs/install/t
ex/latex/graphics/keyval.sty
Package: keyval 2014/10/28 v1.15 key=value parser (DPC)
\KV@toks@=\toks16
))
\beamer@paperwidth=\skip48
\beamer@paperheight=\skip49

(/Users/gemmarosellguilella/Library/Application Support/MiKTeX/texmfs/install/t
ex/latex/geometry/geometry.sty
Package: geometry 2020/01/02 v5.9 Page Geometry

(/Users/gemmarosellguilella/Library/Application Support/MiKTeX/texmfs/install/t
ex/generic/iftex/ifvtex.sty
Package: ifvtex 2019/10/25 v1.7 ifvtex legacy package. Use iftex instead.
)
\Gm@cnth=\count277
\Gm@cntv=\count278
\c@Gm@tempcnt=\count279
\Gm@bindingoffset=\dimen154
\Gm@wd@mp=\dimen155
\Gm@odd@mp=\dimen156
\Gm@even@mp=\dimen157
\Gm@layoutwidth=\dimen158
\Gm@layoutheight=\dimen159
\Gm@layouthoffset=\dimen160
\Gm@layoutvoffset=\dimen161
\Gm@dimlist=\toks17

(/Users/gemmarosellguilella/Library/Application Support/MiKTeX/texmfs/install/t
ex/latex/geometry/geometry.cfg))
(/Users/gemmarosellguilella/Library/Application Support/MiKTeX/texmfs/install/t
ex/latex/pgf/math/pgfmath.sty
(/Users/gemmarosellguilella/Library/Application Support/MiKTeX/texmfs/install/t
ex/latex/pgf/utilities/pgfrcs.sty
(/Users/gemmarosellguilella/Library/Application Support/MiKTeX/texmfs/install/t
ex/generic/pgf/utilities/pgfutil-common.tex
\pgfutil@everybye=\toks18
\pgfutil@tempdima=\dimen162
\pgfutil@tempdimb=\dimen163

(/Users/gemmarosellguilella/Library/Application Support/MiKTeX/texmfs/install/t
ex/generic/pgf/utilities/pgfutil-common-lists.tex))
(/Users/gemmarosellguilella/Library/Application Support/MiKTeX/texmfs/install/t
ex/generic/pgf/utilities/pgfutil-latex.def
\pgfutil@abb=\box59
)
(/Users/gemmarosellguilella/Library/Application Support/MiKTeX/texmfs/install/t
ex/generic/pgf/utilities/pgfrcs.code.tex
(/Users/gemmarosellguilella/Library/Application Support/MiKTeX/texmfs/install/t
ex/generic/pgf/pgf.revision.tex)
Package: pgfrcs 2021/05/15 v3.1.9a (3.1.9a)
))
(/Users/gemmarosellguilella/Library/Application Support/MiKTeX/texmfs/install/t
ex/latex/pgf/utilities/pgfkeys.sty
(/Users/gemmarosellguilella/Library/Application Support/MiKTeX/texmfs/install/t
ex/generic/pgf/utilities/pgfkeys.code.tex
\pgfkeys@pathtoks=\toks19
\pgfkeys@temptoks=\toks20

(/Users/gemmarosellguilella/Library/Application Support/MiKTeX/texmfs/install/t
ex/generic/pgf/utilities/pgfkeysfiltered.code.tex
\pgfkeys@tmptoks=\toks21
)))
(/Users/gemmarosellguilella/Library/Application Support/MiKTeX/texmfs/install/t
ex/generic/pgf/math/pgfmath.code.tex
(/Users/gemmarosellguilella/Library/Application Support/MiKTeX/texmfs/install/t
ex/generic/pgf/math/pgfmathcalc.code.tex
(/Users/gemmarosellguilella/Library/Application Support/MiKTeX/texmfs/install/t
ex/generic/pgf/math/pgfmathutil.code.tex
\pgf@x=\dimen164
\pgf@xa=\dimen165
\pgf@xb=\dimen166
\pgf@xc=\dimen167
\pgf@y=\dimen168
\pgf@ya=\dimen169
\pgf@yb=\dimen170
\pgf@yc=\dimen171
\c@pgf@counta=\count280
\c@pgf@countb=\count281
\c@pgf@countc=\count282
\c@pgf@countd=\count283
)
(/Users/gemmarosellguilella/Library/Application Support/MiKTeX/texmfs/install/t
ex/generic/pgf/math/pgfmathparser.code.tex
\pgfmath@dimen=\dimen172
\pgfmath@count=\count284
\pgfmath@box=\box60
\pgfmath@toks=\toks22
\pgfmath@stack@operand=\toks23
\pgfmath@stack@operation=\toks24
)
(/Users/gemmarosellguilella/Library/Application Support/MiKTeX/texmfs/install/t
ex/generic/pgf/math/pgfmathfunctions.code.tex
(/Users/gemmarosellguilella/Library/Application Support/MiKTeX/texmfs/install/t
ex/generic/pgf/math/pgfmathfunctions.basic.code.tex)
(/Users/gemmarosellguilella/Library/Application Support/MiKTeX/texmfs/install/t
ex/generic/pgf/math/pgfmathfunctions.trigonometric.code.tex)
(/Users/gemmarosellguilella/Library/Application Support/MiKTeX/texmfs/install/t
ex/generic/pgf/math/pgfmathfunctions.random.code.tex)
(/Users/gemmarosellguilella/Library/Application Support/MiKTeX/texmfs/install/t
ex/generic/pgf/math/pgfmathfunctions.comparison.code.tex)
(/Users/gemmarosellguilella/Library/Application Support/MiKTeX/texmfs/install/t
ex/generic/pgf/math/pgfmathfunctions.base.code.tex)
(/Users/gemmarosellguilella/Library/Application Support/MiKTeX/texmfs/install/t
ex/generic/pgf/math/pgfmathfunctions.round.code.tex)
(/Users/gemmarosellguilella/Library/Application Support/MiKTeX/texmfs/install/t
ex/generic/pgf/math/pgfmathfunctions.misc.code.tex)
(/Users/gemmarosellguilella/Library/Application Support/MiKTeX/texmfs/install/t
ex/generic/pgf/math/pgfmathfunctions.integerarithmetics.code.tex)))
(/Users/gemmarosellguilella/Library/Application Support/MiKTeX/texmfs/install/t
ex/generic/pgf/math/pgfmathfloat.code.tex
\c@pgfmathroundto@lastzeros=\count285
)))
(/Users/gemmarosellguilella/Library/Application Support/MiKTeX/texmfs/install/t
ex/latex/base/size11.clo
File: size11.clo 2021/10/04 v1.4n Standard LaTeX file (size option)
)
(/Users/gemmarosellguilella/Library/Application Support/MiKTeX/texmfs/install/t
ex/latex/pgf/basiclayer/pgfcore.sty
(/Users/gemmarosellguilella/Library/Application Support/MiKTeX/texmfs/install/t
ex/latex/graphics/graphicx.sty
Package: graphicx 2021/09/16 v1.2d Enhanced LaTeX Graphics (DPC,SPQR)

(/Users/gemmarosellguilella/Library/Application Support/MiKTeX/texmfs/install/t
ex/latex/graphics/graphics.sty
Package: graphics 2021/03/04 v1.4d Standard LaTeX Graphics (DPC,SPQR)

(/Users/gemmarosellguilella/Library/Application Support/MiKTeX/texmfs/install/t
ex/latex/graphics/trig.sty
Package: trig 2021/08/11 v1.11 sin cos tan (DPC)
)
(/Users/gemmarosellguilella/Library/Application Support/MiKTeX/texmfs/install/t
ex/latex/graphics-cfg/graphics.cfg
File: graphics.cfg 2016/06/04 v1.11 sample graphics configuration
)
Package graphics Info: Driver file: pdftex.def on input line 107.

(/Users/gemmarosellguilella/Library/Application Support/MiKTeX/texmfs/install/t
ex/latex/graphics-def/pdftex.def
File: pdftex.def 2020/10/05 v1.2a Graphics/color driver for pdftex
))
\Gin@req@height=\dimen173
\Gin@req@width=\dimen174
)
(/Users/gemmarosellguilella/Library/Application Support/MiKTeX/texmfs/install/t
ex/latex/pgf/systemlayer/pgfsys.sty
(/Users/gemmarosellguilella/Library/Application Support/MiKTeX/texmfs/install/t
ex/generic/pgf/systemlayer/pgfsys.code.tex
Package: pgfsys 2021/05/15 v3.1.9a (3.1.9a)

(/Users/gemmarosellguilella/Library/Application Support/MiKTeX/texmfs/install/t
ex/generic/pgf/utilities/pgfkeys.code.tex)
\pgf@x=\dimen175
\pgf@y=\dimen176
\pgf@xa=\dimen177
\pgf@ya=\dimen178
\pgf@xb=\dimen179
\pgf@yb=\dimen180
\pgf@xc=\dimen181
\pgf@yc=\dimen182
\pgf@xd=\dimen183
\pgf@yd=\dimen184
\w@pgf@writea=\write3
\r@pgf@reada=\read2
\c@pgf@counta=\count286
\c@pgf@countb=\count287
\c@pgf@countc=\count288
\c@pgf@countd=\count289
\t@pgf@toka=\toks25
\t@pgf@tokb=\toks26
\t@pgf@tokc=\toks27
\pgf@sys@id@count=\count290

(/Users/gemmarosellguilella/Library/Application Support/MiKTeX/texmfs/install/t
ex/generic/pgf/systemlayer/pgf.cfg
File: pgf.cfg 2021/05/15 v3.1.9a (3.1.9a)
)
Driver file for pgf: pgfsys-pdftex.def

(/Users/gemmarosellguilella/Library/Application Support/MiKTeX/texmfs/install/t
ex/generic/pgf/systemlayer/pgfsys-pdftex.def
File: pgfsys-pdftex.def 2021/05/15 v3.1.9a (3.1.9a)

(/Users/gemmarosellguilella/Library/Application Support/MiKTeX/texmfs/install/t
ex/generic/pgf/systemlayer/pgfsys-common-pdf.def
File: pgfsys-common-pdf.def 2021/05/15 v3.1.9a (3.1.9a)
)))
(/Users/gemmarosellguilella/Library/Application Support/MiKTeX/texmfs/install/t
ex/generic/pgf/systemlayer/pgfsyssoftpath.code.tex
File: pgfsyssoftpath.code.tex 2021/05/15 v3.1.9a (3.1.9a)
\pgfsyssoftpath@smallbuffer@items=\count291
\pgfsyssoftpath@bigbuffer@items=\count292
)
(/Users/gemmarosellguilella/Library/Application Support/MiKTeX/texmfs/install/t
ex/generic/pgf/systemlayer/pgfsysprotocol.code.tex
File: pgfsysprotocol.code.tex 2021/05/15 v3.1.9a (3.1.9a)
))
(/Users/gemmarosellguilella/Library/Application Support/MiKTeX/texmfs/install/t
ex/latex/xcolor/xcolor.sty
Package: xcolor 2021/10/31 v2.13 LaTeX color extensions (UK)

(/Users/gemmarosellguilella/Library/Application Support/MiKTeX/texmfs/install/t
ex/latex/graphics-cfg/color.cfg
File: color.cfg 2016/01/02 v1.6 sample color configuration
)
Package xcolor Info: Driver file: pdftex.def on input line 227.
Package xcolor Info: Model `cmy' substituted by `cmy0' on input line 1352.
Package xcolor Info: Model `hsb' substituted by `rgb' on input line 1356.
Package xcolor Info: Model `RGB' extended on input line 1368.
Package xcolor Info: Model `HTML' substituted by `rgb' on input line 1370.
Package xcolor Info: Model `Hsb' substituted by `hsb' on input line 1371.
Package xcolor Info: Model `tHsb' substituted by `hsb' on input line 1372.
Package xcolor Info: Model `HSB' substituted by `hsb' on input line 1373.
Package xcolor Info: Model `Gray' substituted by `gray' on input line 1374.
Package xcolor Info: Model `wave' substituted by `hsb' on input line 1375.
)
(/Users/gemmarosellguilella/Library/Application Support/MiKTeX/texmfs/install/t
ex/generic/pgf/basiclayer/pgfcore.code.tex
Package: pgfcore 2021/05/15 v3.1.9a (3.1.9a)

(/Users/gemmarosellguilella/Library/Application Support/MiKTeX/texmfs/install/t
ex/generic/pgf/math/pgfmath.code.tex)
(/Users/gemmarosellguilella/Library/Application Support/MiKTeX/texmfs/install/t
ex/generic/pgf/math/pgfint.code.tex)
(/Users/gemmarosellguilella/Library/Application Support/MiKTeX/texmfs/install/t
ex/generic/pgf/basiclayer/pgfcorepoints.code.tex
File: pgfcorepoints.code.tex 2021/05/15 v3.1.9a (3.1.9a)
\pgf@picminx=\dimen185
\pgf@picmaxx=\dimen186
\pgf@picminy=\dimen187
\pgf@picmaxy=\dimen188
\pgf@pathminx=\dimen189
\pgf@pathmaxx=\dimen190
\pgf@pathminy=\dimen191
\pgf@pathmaxy=\dimen192
\pgf@xx=\dimen193
\pgf@xy=\dimen194
\pgf@yx=\dimen195
\pgf@yy=\dimen196
\pgf@zx=\dimen197
\pgf@zy=\dimen198
)
(/Users/gemmarosellguilella/Library/Application Support/MiKTeX/texmfs/install/t
ex/generic/pgf/basiclayer/pgfcorepathconstruct.code.tex
File: pgfcorepathconstruct.code.tex 2021/05/15 v3.1.9a (3.1.9a)
\pgf@path@lastx=\dimen199
\pgf@path@lasty=\dimen256
)
(/Users/gemmarosellguilella/Library/Application Support/MiKTeX/texmfs/install/t
ex/generic/pgf/basiclayer/pgfcorepathusage.code.tex
File: pgfcorepathusage.code.tex 2021/05/15 v3.1.9a (3.1.9a)
\pgf@shorten@end@additional=\dimen257
\pgf@shorten@start@additional=\dimen258
)
(/Users/gemmarosellguilella/Library/Application Support/MiKTeX/texmfs/install/t
ex/generic/pgf/basiclayer/pgfcorescopes.code.tex
File: pgfcorescopes.code.tex 2021/05/15 v3.1.9a (3.1.9a)
\pgfpic=\box61
\pgf@hbox=\box62
\pgf@layerbox@main=\box63
\pgf@picture@serial@count=\count293
)
(/Users/gemmarosellguilella/Library/Application Support/MiKTeX/texmfs/install/t
ex/generic/pgf/basiclayer/pgfcoregraphicstate.code.tex
File: pgfcoregraphicstate.code.tex 2021/05/15 v3.1.9a (3.1.9a)
\pgflinewidth=\dimen259
)
(/Users/gemmarosellguilella/Library/Application Support/MiKTeX/texmfs/install/t
ex/generic/pgf/basiclayer/pgfcoretransformations.code.tex
File: pgfcoretransformations.code.tex 2021/05/15 v3.1.9a (3.1.9a)
\pgf@pt@x=\dimen260
\pgf@pt@y=\dimen261
\pgf@pt@temp=\dimen262
)
(/Users/gemmarosellguilella/Library/Application Support/MiKTeX/texmfs/install/t
ex/generic/pgf/basiclayer/pgfcorequick.code.tex
File: pgfcorequick.code.tex 2021/05/15 v3.1.9a (3.1.9a)
)
(/Users/gemmarosellguilella/Library/Application Support/MiKTeX/texmfs/install/t
ex/generic/pgf/basiclayer/pgfcoreobjects.code.tex
File: pgfcoreobjects.code.tex 2021/05/15 v3.1.9a (3.1.9a)
)
(/Users/gemmarosellguilella/Library/Application Support/MiKTeX/texmfs/install/t
ex/generic/pgf/basiclayer/pgfcorepathprocessing.code.tex
File: pgfcorepathprocessing.code.tex 2021/05/15 v3.1.9a (3.1.9a)
)
(/Users/gemmarosellguilella/Library/Application Support/MiKTeX/texmfs/install/t
ex/generic/pgf/basiclayer/pgfcorearrows.code.tex
File: pgfcorearrows.code.tex 2021/05/15 v3.1.9a (3.1.9a)
\pgfarrowsep=\dimen263
)
(/Users/gemmarosellguilella/Library/Application Support/MiKTeX/texmfs/install/t
ex/generic/pgf/basiclayer/pgfcoreshade.code.tex
File: pgfcoreshade.code.tex 2021/05/15 v3.1.9a (3.1.9a)
\pgf@max=\dimen264
\pgf@sys@shading@range@num=\count294
\pgf@shadingcount=\count295
)
(/Users/gemmarosellguilella/Library/Application Support/MiKTeX/texmfs/install/t
ex/generic/pgf/basiclayer/pgfcoreimage.code.tex
File: pgfcoreimage.code.tex 2021/05/15 v3.1.9a (3.1.9a)

(/Users/gemmarosellguilella/Library/Application Support/MiKTeX/texmfs/install/t
ex/generic/pgf/basiclayer/pgfcoreexternal.code.tex
File: pgfcoreexternal.code.tex 2021/05/15 v3.1.9a (3.1.9a)
\pgfexternal@startupbox=\box64
))
(/Users/gemmarosellguilella/Library/Application Support/MiKTeX/texmfs/install/t
ex/generic/pgf/basiclayer/pgfcorelayers.code.tex
File: pgfcorelayers.code.tex 2021/05/15 v3.1.9a (3.1.9a)
)
(/Users/gemmarosellguilella/Library/Application Support/MiKTeX/texmfs/install/t
ex/generic/pgf/basiclayer/pgfcoretransparency.code.tex
File: pgfcoretransparency.code.tex 2021/05/15 v3.1.9a (3.1.9a)
)
(/Users/gemmarosellguilella/Library/Application Support/MiKTeX/texmfs/install/t
ex/generic/pgf/basiclayer/pgfcorepatterns.code.tex
File: pgfcorepatterns.code.tex 2021/05/15 v3.1.9a (3.1.9a)
)
(/Users/gemmarosellguilella/Library/Application Support/MiKTeX/texmfs/install/t
ex/generic/pgf/basiclayer/pgfcorerdf.code.tex
File: pgfcorerdf.code.tex 2021/05/15 v3.1.9a (3.1.9a)
)))
(/Users/gemmarosellguilella/Library/Application Support/MiKTeX/texmfs/install/t
ex/latex/pgf/utilities/xxcolor.sty
Package: xxcolor 2003/10/24 ver 0.1
\XC@nummixins=\count296
\XC@countmixins=\count297
)
(/Users/gemmarosellguilella/Library/Application Support/MiKTeX/texmfs/install/t
ex/latex/base/atbegshi-ltx.sty
Package: atbegshi-ltx 2021/01/10 v1.0c Emulation of the original atbegshi
package with kernel methods
)
(/Users/gemmarosellguilella/Library/Application Support/MiKTeX/texmfs/install/t
ex/latex/hyperref/hyperref.sty
Package: hyperref 2022-02-21 v7.00n Hypertext links for LaTeX

(/Users/gemmarosellguilella/Library/Application Support/MiKTeX/texmfs/install/t
ex/generic/ltxcmds/ltxcmds.sty
Package: ltxcmds 2020-05-10 v1.25 LaTeX kernel commands for general use (HO)
)
(/Users/gemmarosellguilella/Library/Application Support/MiKTeX/texmfs/install/t
ex/generic/pdftexcmds/pdftexcmds.sty
Package: pdftexcmds 2020-06-27 v0.33 Utility functions of pdfTeX for LuaTeX (HO
)

(/Users/gemmarosellguilella/Library/Application Support/MiKTeX/texmfs/install/t
ex/generic/infwarerr/infwarerr.sty
Package: infwarerr 2019/12/03 v1.5 Providing info/warning/error messages (HO)
)
Package pdftexcmds Info: \pdf@primitive is available.
Package pdftexcmds Info: \pdf@ifprimitive is available.
Package pdftexcmds Info: \pdfdraftmode found.
)
(/Users/gemmarosellguilella/Library/Application Support/MiKTeX/texmfs/install/t
ex/generic/kvsetkeys/kvsetkeys.sty
Package: kvsetkeys 2019/12/15 v1.18 Key value parser (HO)
)
(/Users/gemmarosellguilella/Library/Application Support/MiKTeX/texmfs/install/t
ex/generic/kvdefinekeys/kvdefinekeys.sty
Package: kvdefinekeys 2019-12-19 v1.6 Define keys (HO)
)
(/Users/gemmarosellguilella/Library/Application Support/MiKTeX/texmfs/install/t
ex/generic/pdfescape/pdfescape.sty
Package: pdfescape 2019/12/09 v1.15 Implements pdfTeX's escape features (HO)
)
(/Users/gemmarosellguilella/Library/Application Support/MiKTeX/texmfs/install/t
ex/latex/hycolor/hycolor.sty
Package: hycolor 2020-01-27 v1.10 Color options for hyperref/bookmark (HO)
)
(/Users/gemmarosellguilella/Library/Application Support/MiKTeX/texmfs/install/t
ex/latex/letltxmacro/letltxmacro.sty
Package: letltxmacro 2019/12/03 v1.6 Let assignment for LaTeX macros (HO)
)
(/Users/gemmarosellguilella/Library/Application Support/MiKTeX/texmfs/install/t
ex/latex/auxhook/auxhook.sty
Package: auxhook 2019-12-17 v1.6 Hooks for auxiliary files (HO)
)
(/Users/gemmarosellguilella/Library/Application Support/MiKTeX/texmfs/install/t
ex/latex/kvoptions/kvoptions.sty
Package: kvoptions 2020-10-07 v3.14 Key value format for package options (HO)
)
\@linkdim=\dimen265
\Hy@linkcounter=\count298
\Hy@pagecounter=\count299

(/Users/gemmarosellguilella/Library/Application Support/MiKTeX/texmfs/install/t
ex/latex/hyperref/pd1enc.def
File: pd1enc.def 2022-02-21 v7.00n Hyperref: PDFDocEncoding definition (HO)
Now handling font encoding PD1 ...
... no UTF-8 mapping file for font encoding PD1
)
(/Users/gemmarosellguilella/Library/Application Support/MiKTeX/texmfs/install/t
ex/generic/intcalc/intcalc.sty
Package: intcalc 2019/12/15 v1.3 Expandable calculations with integers (HO)
)
(/Users/gemmarosellguilella/Library/Application Support/MiKTeX/texmfs/install/t
ex/generic/etexcmds/etexcmds.sty
Package: etexcmds 2019/12/15 v1.7 Avoid name clashes with e-TeX commands (HO)
)
\Hy@SavedSpaceFactor=\count300

(/Users/gemmarosellguilella/Library/Application Support/MiKTeX/texmfs/install/t
ex/latex/hyperref/puenc.def
File: puenc.def 2022-02-21 v7.00n Hyperref: PDF Unicode definition (HO)
Now handling font encoding PU ...
... no UTF-8 mapping file for font encoding PU
)
Package hyperref Info: Option `bookmarks' set `true' on input line 4018.
Package hyperref Info: Option `bookmarksopen' set `true' on input line 4018.
Package hyperref Info: Option `implicit' set `false' on input line 4018.
Package hyperref Info: Hyper figures OFF on input line 4137.
Package hyperref Info: Link nesting OFF on input line 4142.
Package hyperref Info: Hyper index ON on input line 4145.
Package hyperref Info: Plain pages OFF on input line 4152.
Package hyperref Info: Backreferencing OFF on input line 4157.
Package hyperref Info: Implicit mode OFF; no redefinition of LaTeX internals.
Package hyperref Info: Bookmarks ON on input line 4390.
\c@Hy@tempcnt=\count301

(/Users/gemmarosellguilella/Library/Application Support/MiKTeX/texmfs/install/t
ex/latex/url/url.sty
\Urlmuskip=\muskip16
Package: url 2013/09/16  ver 3.4  Verb mode for urls, etc.
)
LaTeX Info: Redefining \url on input line 4749.
\XeTeXLinkMargin=\dimen266

(/Users/gemmarosellguilella/Library/Application Support/MiKTeX/texmfs/install/t
ex/generic/bitset/bitset.sty
Package: bitset 2019/12/09 v1.3 Handle bit-vector datatype (HO)

(/Users/gemmarosellguilella/Library/Application Support/MiKTeX/texmfs/install/t
ex/generic/bigintcalc/bigintcalc.sty
Package: bigintcalc 2019/12/15 v1.5 Expandable calculations on big integers (HO
)
))
\Fld@menulength=\count302
\Field@Width=\dimen267
\Fld@charsize=\dimen268
Package hyperref Info: Hyper figures OFF on input line 6027.
Package hyperref Info: Link nesting OFF on input line 6032.
Package hyperref Info: Hyper index ON on input line 6035.
Package hyperref Info: backreferencing OFF on input line 6042.
Package hyperref Info: Link coloring OFF on input line 6047.
Package hyperref Info: Link coloring with OCG OFF on input line 6052.
Package hyperref Info: PDF/A mode OFF on input line 6057.
LaTeX Info: Redefining \ref on input line 6097.
LaTeX Info: Redefining \pageref on input line 6101.
\Hy@abspage=\count303


Package hyperref Message: Stopped early.

)
Package hyperref Info: Driver (autodetected): hpdftex.

(/Users/gemmarosellguilella/Library/Application Support/MiKTeX/texmfs/install/t
ex/latex/hyperref/hpdftex.def
File: hpdftex.def 2022-02-21 v7.00n Hyperref driver for pdfTeX

(/Users/gemmarosellguilella/Library/Application Support/MiKTeX/texmfs/install/t
ex/latex/base/atveryend-ltx.sty
Package: atveryend-ltx 2020/08/19 v1.0a Emulation of the original atveryend pac
kage
with kernel methods
)
\Fld@listcount=\count304
\c@bookmark@seq@number=\count305

(/Users/gemmarosellguilella/Library/Application Support/MiKTeX/texmfs/install/t
ex/latex/rerunfilecheck/rerunfilecheck.sty
Package: rerunfilecheck 2019/12/05 v1.9 Rerun checks for auxiliary files (HO)

(/Users/gemmarosellguilella/Library/Application Support/MiKTeX/texmfs/install/t
ex/generic/uniquecounter/uniquecounter.sty
Package: uniquecounter 2019/12/15 v1.4 Provide unlimited unique counter (HO)
)
Package uniquecounter Info: New unique counter `rerunfilecheck' on input line 2
86.
))
(/Users/gemmarosellguilella/Library/Application Support/MiKTeX/texmfs/install/t
ex/latex/beamer/beamerbaserequires.sty
(/Users/gemmarosellguilella/Library/Application Support/MiKTeX/texmfs/install/t
ex/latex/beamer/beamerbasecompatibility.sty)
(/Users/gemmarosellguilella/Library/Application Support/MiKTeX/texmfs/install/t
ex/latex/beamer/beamerbasefont.sty
(/Users/gemmarosellguilella/Library/Application Support/MiKTeX/texmfs/install/t
ex/latex/amsfonts/amssymb.sty
Package: amssymb 2013/01/14 v3.01 AMS font symbols

(/Users/gemmarosellguilella/Library/Application Support/MiKTeX/texmfs/install/t
ex/latex/amsfonts/amsfonts.sty
Package: amsfonts 2013/01/14 v3.01 Basic AMSFonts support
\@emptytoks=\toks28
\symAMSa=\mathgroup4
\symAMSb=\mathgroup5
LaTeX Font Info:    Redeclaring math symbol \hbar on input line 98.
LaTeX Font Info:    Overwriting math alphabet `\mathfrak' in version `bold'
(Font)                  U/euf/m/n --> U/euf/b/n on input line 106.
))
(/Users/gemmarosellguilella/Library/Application Support/MiKTeX/texmfs/install/t
ex/latex/sansmathaccent/sansmathaccent.sty
Package: sansmathaccent 2020/01/31

(/Users/gemmarosellguilella/Library/Application Support/MiKTeX/texmfs/install/t
ex/latex/koma-script/scrlfile.sty
Package: scrlfile 2021/11/13 v3.35 KOMA-Script package (file load hooks)

(/Users/gemmarosellguilella/Library/Application Support/MiKTeX/texmfs/install/t
ex/latex/koma-script/scrlfile-hook.sty
Package: scrlfile-hook 2021/11/13 v3.35 KOMA-Script package (using LaTeX hooks)


(/Users/gemmarosellguilella/Library/Application Support/MiKTeX/texmfs/install/t
ex/latex/koma-script/scrlogo.sty
Package: scrlogo 2021/11/13 v3.35 KOMA-Script package (logo)
)))))
(/Users/gemmarosellguilella/Library/Application Support/MiKTeX/texmfs/install/t
ex/latex/beamer/beamerbasetranslator.sty
(/Users/gemmarosellguilella/Library/Application Support/MiKTeX/texmfs/install/t
ex/latex/translator/translator.sty
Package: translator 2021-05-31 v1.12d Easy translation of strings in LaTeX
))
(/Users/gemmarosellguilella/Library/Application Support/MiKTeX/texmfs/install/t
ex/latex/beamer/beamerbasemisc.sty)
(/Users/gemmarosellguilella/Library/Application Support/MiKTeX/texmfs/install/t
ex/latex/beamer/beamerbasetwoscreens.sty)
(/Users/gemmarosellguilella/Library/Application Support/MiKTeX/texmfs/install/t
ex/latex/beamer/beamerbaseoverlay.sty
\beamer@argscount=\count306
\beamer@lastskipcover=\skip50
\beamer@trivlistdepth=\count307
)
(/Users/gemmarosellguilella/Library/Application Support/MiKTeX/texmfs/install/t
ex/latex/beamer/beamerbasetitle.sty)
(/Users/gemmarosellguilella/Library/Application Support/MiKTeX/texmfs/install/t
ex/latex/beamer/beamerbasesection.sty
\c@lecture=\count308
\c@part=\count309
\c@section=\count310
\c@subsection=\count311
\c@subsubsection=\count312
)
(/Users/gemmarosellguilella/Library/Application Support/MiKTeX/texmfs/install/t
ex/latex/beamer/beamerbaseframe.sty
\beamer@framebox=\box65
\beamer@frametitlebox=\box66
\beamer@zoombox=\box67
\beamer@zoomcount=\count313
\beamer@zoomframecount=\count314
\beamer@frametextheight=\dimen269
\c@subsectionslide=\count315
\beamer@frametopskip=\skip51
\beamer@framebottomskip=\skip52
\beamer@frametopskipautobreak=\skip53
\beamer@framebottomskipautobreak=\skip54
\beamer@envbody=\toks29
\framewidth=\dimen270
\c@framenumber=\count316
)
(/Users/gemmarosellguilella/Library/Application Support/MiKTeX/texmfs/install/t
ex/latex/beamer/beamerbaseverbatim.sty
\beamer@verbatimfileout=\write4
)
(/Users/gemmarosellguilella/Library/Application Support/MiKTeX/texmfs/install/t
ex/latex/beamer/beamerbaseframesize.sty
\beamer@splitbox=\box68
\beamer@autobreakcount=\count317
\beamer@autobreaklastheight=\dimen271
\beamer@frametitletoks=\toks30
\beamer@framesubtitletoks=\toks31
)
(/Users/gemmarosellguilella/Library/Application Support/MiKTeX/texmfs/install/t
ex/latex/beamer/beamerbaseframecomponents.sty
\beamer@footins=\box69
)
(/Users/gemmarosellguilella/Library/Application Support/MiKTeX/texmfs/install/t
ex/latex/beamer/beamerbasecolor.sty)
(/Users/gemmarosellguilella/Library/Application Support/MiKTeX/texmfs/install/t
ex/latex/beamer/beamerbasenotes.sty
\beamer@frameboxcopy=\box70
)
(/Users/gemmarosellguilella/Library/Application Support/MiKTeX/texmfs/install/t
ex/latex/beamer/beamerbasetoc.sty)
(/Users/gemmarosellguilella/Library/Application Support/MiKTeX/texmfs/install/t
ex/latex/beamer/beamerbasetemplates.sty
\beamer@sbttoks=\toks32

(/Users/gemmarosellguilella/Library/Application Support/MiKTeX/texmfs/install/t
ex/latex/beamer/beamerbaseauxtemplates.sty
(/Users/gemmarosellguilella/Library/Application Support/MiKTeX/texmfs/install/t
ex/latex/beamer/beamerbaseboxes.sty
\bmb@box=\box71
\bmb@colorbox=\box72
\bmb@boxwidth=\dimen272
\bmb@boxheight=\dimen273
\bmb@prevheight=\dimen274
\bmb@temp=\dimen275
\bmb@dima=\dimen276
\bmb@dimb=\dimen277
\bmb@prevheight=\dimen278
)
\beamer@blockheadheight=\dimen279
))
(/Users/gemmarosellguilella/Library/Application Support/MiKTeX/texmfs/install/t
ex/latex/beamer/beamerbaselocalstructure.sty
(/Users/gemmarosellguilella/Library/Application Support/MiKTeX/texmfs/install/t
ex/latex/tools/enumerate.sty
Package: enumerate 2015/07/23 v3.00 enumerate extensions (DPC)
\@enLab=\toks33
)
\beamer@bibiconwidth=\skip55
\c@figure=\count318
\c@table=\count319
\abovecaptionskip=\skip56
\belowcaptionskip=\skip57
)
(/Users/gemmarosellguilella/Library/Application Support/MiKTeX/texmfs/install/t
ex/latex/beamer/beamerbasenavigation.sty
\beamer@section@min@dim=\dimen280
)
(/Users/gemmarosellguilella/Library/Application Support/MiKTeX/texmfs/install/t
ex/latex/beamer/beamerbasetheorems.sty
(/Users/gemmarosellguilella/Library/Application Support/MiKTeX/texmfs/install/t
ex/latex/amsmath/amsmath.sty
Package: amsmath 2021/10/15 v2.17l AMS math features
\@mathmargin=\skip58

For additional information on amsmath, use the `?' option.

(/Users/gemmarosellguilella/Library/Application Support/MiKTeX/texmfs/install/t
ex/latex/amsmath/amstext.sty
Package: amstext 2021/08/26 v2.01 AMS text

(/Users/gemmarosellguilella/Library/Application Support/MiKTeX/texmfs/install/t
ex/latex/amsmath/amsgen.sty
File: amsgen.sty 1999/11/30 v2.0 generic functions
\@emptytoks=\toks34
\ex@=\dimen281
))
(/Users/gemmarosellguilella/Library/Application Support/MiKTeX/texmfs/install/t
ex/latex/amsmath/amsbsy.sty
Package: amsbsy 1999/11/29 v1.2d Bold Symbols
\pmbraise@=\dimen282
)
(/Users/gemmarosellguilella/Library/Application Support/MiKTeX/texmfs/install/t
ex/latex/amsmath/amsopn.sty
Package: amsopn 2021/08/26 v2.02 operator names
)
\inf@bad=\count320
LaTeX Info: Redefining \frac on input line 234.
\uproot@=\count321
\leftroot@=\count322
LaTeX Info: Redefining \overline on input line 399.
\classnum@=\count323
\DOTSCASE@=\count324
LaTeX Info: Redefining \ldots on input line 496.
LaTeX Info: Redefining \dots on input line 499.
LaTeX Info: Redefining \cdots on input line 620.
\Mathstrutbox@=\box73
\strutbox@=\box74
\big@size=\dimen283
LaTeX Font Info:    Redeclaring font encoding OML on input line 743.
LaTeX Font Info:    Redeclaring font encoding OMS on input line 744.
\macc@depth=\count325
\c@MaxMatrixCols=\count326
\dotsspace@=\muskip17
\c@parentequation=\count327
\dspbrk@lvl=\count328
\tag@help=\toks35
\row@=\count329
\column@=\count330
\maxfields@=\count331
\andhelp@=\toks36
\eqnshift@=\dimen284
\alignsep@=\dimen285
\tagshift@=\dimen286
\tagwidth@=\dimen287
\totwidth@=\dimen288
\lineht@=\dimen289
\@envbody=\toks37
\multlinegap=\skip59
\multlinetaggap=\skip60
\mathdisplay@stack=\toks38
LaTeX Info: Redefining \[ on input line 2938.
LaTeX Info: Redefining \] on input line 2939.
)
(/Users/gemmarosellguilella/Library/Application Support/MiKTeX/texmfs/install/t
ex/latex/amscls/amsthm.sty
Package: amsthm 2020/05/29 v2.20.6
\thm@style=\toks39
\thm@bodyfont=\toks40
\thm@headfont=\toks41
\thm@notefont=\toks42
\thm@headpunct=\toks43
\thm@preskip=\skip61
\thm@postskip=\skip62
\thm@headsep=\skip63
\dth@everypar=\toks44
)
\c@theorem=\count332
)
(/Users/gemmarosellguilella/Library/Application Support/MiKTeX/texmfs/install/t
ex/latex/beamer/beamerbasethemes.sty))
(/Users/gemmarosellguilella/Library/Application Support/MiKTeX/texmfs/install/t
ex/latex/beamer/beamerthemedefault.sty
(/Users/gemmarosellguilella/Library/Application Support/MiKTeX/texmfs/install/t
ex/latex/beamer/beamerfontthemedefault.sty)
(/Users/gemmarosellguilella/Library/Application Support/MiKTeX/texmfs/install/t
ex/latex/beamer/beamercolorthemedefault.sty)
(/Users/gemmarosellguilella/Library/Application Support/MiKTeX/texmfs/install/t
ex/latex/beamer/beamerinnerthemedefault.sty
\beamer@dima=\dimen290
\beamer@dimb=\dimen291
)
(/Users/gemmarosellguilella/Library/Application Support/MiKTeX/texmfs/install/t
ex/latex/beamer/beamerouterthemedefault.sty)))
(/Users/gemmarosellguilella/Library/Application Support/MiKTeX/texmfs/install/t
ex/latex/beamertheme-metropolis/beamerthememetropolis.sty
Package: beamerthememetropolis 2017/01/23 v1.2 Metropolis Beamer theme

(/Users/gemmarosellguilella/Library/Application Support/MiKTeX/texmfs/install/t
ex/latex/pgfopts/pgfopts.sty
Package: pgfopts 2014/07/10 v2.1a LaTeX package options with pgfkeys
\pgfopts@list@add@a@toks=\toks45
\pgfopts@list@add@b@toks=\toks46
)
(/Users/gemmarosellguilella/Library/Application Support/MiKTeX/texmfs/install/t
ex/latex/beamertheme-metropolis/beamerinnerthememetropolis.sty
Package: beamerinnerthememetropolis 2017/01/23 Metropolis inner theme

(/Users/gemmarosellguilella/Library/Application Support/MiKTeX/texmfs/install/t
ex/latex/tools/calc.sty
Package: calc 2017/05/25 v4.3 Infix arithmetic (KKT,FJ)
\calc@Acount=\count333
\calc@Bcount=\count334
\calc@Adimen=\dimen292
\calc@Bdimen=\dimen293
\calc@Askip=\skip64
\calc@Bskip=\skip65
LaTeX Info: Redefining \setlength on input line 80.
LaTeX Info: Redefining \addtolength on input line 81.
\calc@Ccount=\count335
\calc@Cskip=\skip66
)
(/Users/gemmarosellguilella/Library/Application Support/MiKTeX/texmfs/install/t
ex/latex/pgf/frontendlayer/tikz.sty
(/Users/gemmarosellguilella/Library/Application Support/MiKTeX/texmfs/install/t
ex/latex/pgf/basiclayer/pgf.sty
Package: pgf 2021/05/15 v3.1.9a (3.1.9a)

(/Users/gemmarosellguilella/Library/Application Support/MiKTeX/texmfs/install/t
ex/generic/pgf/modules/pgfmoduleshapes.code.tex
File: pgfmoduleshapes.code.tex 2021/05/15 v3.1.9a (3.1.9a)
\pgfnodeparttextbox=\box75
)
(/Users/gemmarosellguilella/Library/Application Support/MiKTeX/texmfs/install/t
ex/generic/pgf/modules/pgfmoduleplot.code.tex
File: pgfmoduleplot.code.tex 2021/05/15 v3.1.9a (3.1.9a)
)
(/Users/gemmarosellguilella/Library/Application Support/MiKTeX/texmfs/install/t
ex/latex/pgf/compatibility/pgfcomp-version-0-65.sty
Package: pgfcomp-version-0-65 2021/05/15 v3.1.9a (3.1.9a)
\pgf@nodesepstart=\dimen294
\pgf@nodesepend=\dimen295
)
(/Users/gemmarosellguilella/Library/Application Support/MiKTeX/texmfs/install/t
ex/latex/pgf/compatibility/pgfcomp-version-1-18.sty
Package: pgfcomp-version-1-18 2021/05/15 v3.1.9a (3.1.9a)
))
(/Users/gemmarosellguilella/Library/Application Support/MiKTeX/texmfs/install/t
ex/latex/pgf/utilities/pgffor.sty
(/Users/gemmarosellguilella/Library/Application Support/MiKTeX/texmfs/install/t
ex/generic/pgf/utilities/pgffor.code.tex
Package: pgffor 2021/05/15 v3.1.9a (3.1.9a)

(/Users/gemmarosellguilella/Library/Application Support/MiKTeX/texmfs/install/t
ex/generic/pgf/math/pgfmath.code.tex)
\pgffor@iter=\dimen296
\pgffor@skip=\dimen297
\pgffor@stack=\toks47
\pgffor@toks=\toks48
))
(/Users/gemmarosellguilella/Library/Application Support/MiKTeX/texmfs/install/t
ex/generic/pgf/frontendlayer/tikz/tikz.code.tex
Package: tikz 2021/05/15 v3.1.9a (3.1.9a)

(/Users/gemmarosellguilella/Library/Application Support/MiKTeX/texmfs/install/t
ex/generic/pgf/libraries/pgflibraryplothandlers.code.tex
File: pgflibraryplothandlers.code.tex 2021/05/15 v3.1.9a (3.1.9a)
\pgf@plot@mark@count=\count336
\pgfplotmarksize=\dimen298
)
\tikz@lastx=\dimen299
\tikz@lasty=\dimen300
\tikz@lastxsaved=\dimen301
\tikz@lastysaved=\dimen302
\tikz@lastmovetox=\dimen303
\tikz@lastmovetoy=\dimen304
\tikzleveldistance=\dimen305
\tikzsiblingdistance=\dimen306
\tikz@figbox=\box76
\tikz@figbox@bg=\box77
\tikz@tempbox=\box78
\tikz@tempbox@bg=\box79
\tikztreelevel=\count337
\tikznumberofchildren=\count338
\tikznumberofcurrentchild=\count339
\tikz@fig@count=\count340

(/Users/gemmarosellguilella/Library/Application Support/MiKTeX/texmfs/install/t
ex/generic/pgf/modules/pgfmodulematrix.code.tex
File: pgfmodulematrix.code.tex 2021/05/15 v3.1.9a (3.1.9a)
\pgfmatrixcurrentrow=\count341
\pgfmatrixcurrentcolumn=\count342
\pgf@matrix@numberofcolumns=\count343
)
\tikz@expandcount=\count344

(/Users/gemmarosellguilella/Library/Application Support/MiKTeX/texmfs/install/t
ex/generic/pgf/frontendlayer/tikz/libraries/tikzlibrarytopaths.code.tex
File: tikzlibrarytopaths.code.tex 2021/05/15 v3.1.9a (3.1.9a)
)))
\metropolis@titleseparator@linewidth=\skip67
\metropolis@progressonsectionpage=\skip68
\metropolis@progressonsectionpage@linewidth=\skip69
\metropolis@blocksep=\skip70
\metropolis@blockadjust=\skip71
\metropolis@parskip=\skip72
)
(/Users/gemmarosellguilella/Library/Application Support/MiKTeX/texmfs/install/t
ex/latex/beamertheme-metropolis/beamerouterthememetropolis.sty
Package: beamerouterthememetropolis 2017/01/23 Metropolis outer theme
\metropolis@frametitle@padding=\skip73
\metropolis@progressinheadfoot=\skip74
\metropolis@progressinheadfoot@linewidth=\skip75
)
(/Users/gemmarosellguilella/Library/Application Support/MiKTeX/texmfs/install/t
ex/latex/beamertheme-metropolis/beamercolorthememetropolis.sty
Package: beamercolorthememetropolis 2017/01/23 Metropolis color theme
)
(/Users/gemmarosellguilella/Library/Application Support/MiKTeX/texmfs/install/t
ex/latex/beamertheme-metropolis/beamerfontthememetropolis.sty
Package: beamerfontthememetropolis 2017/01/23 Metropolis font theme

(/Users/gemmarosellguilella/Library/Application Support/MiKTeX/texmfs/install/t
ex/generic/iftex/ifxetex.sty
Package: ifxetex 2019/10/25 v0.7 ifxetex legacy package. Use iftex instead.
)
(/Users/gemmarosellguilella/Library/Application Support/MiKTeX/texmfs/install/t
ex/generic/iftex/ifluatex.sty
Package: ifluatex 2019/10/25 v1.5 ifluatex legacy package. Use iftex instead.
)

Package beamerthememetropolis Warning: You need to compile with XeLaTeX or LuaL
aTeX to use the Fira fonts on input line 95.

))
(/Users/gemmarosellguilella/Library/Application Support/MiKTeX/texmfs/install/t
ex/latex/base/inputenc.sty
Package: inputenc 2021/02/14 v1.3d Input encoding file
\inpenc@prehook=\toks49
\inpenc@posthook=\toks50
)
(/Users/gemmarosellguilella/Library/Application Support/MiKTeX/texmfs/install/t
ex/latex/listings/listings.sty
\lst@mode=\count345
\lst@gtempboxa=\box80
\lst@token=\toks51
\lst@length=\count346
\lst@currlwidth=\dimen307
\lst@column=\count347
\lst@pos=\count348
\lst@lostspace=\dimen308
\lst@width=\dimen309
\lst@newlines=\count349
\lst@lineno=\count350
\lst@maxwidth=\dimen310

(/Users/gemmarosellguilella/Library/Application Support/MiKTeX/texmfs/install/t
ex/latex/listings/lstmisc.sty
File: lstmisc.sty 2020/03/24 1.8d (Carsten Heinz)
\c@lstnumber=\count351
\lst@skipnumbers=\count352
\lst@framebox=\box81
)
(/Users/gemmarosellguilella/Library/Application Support/MiKTeX/texmfs/install/t
ex/latex/listings/listings.cfg
File: listings.cfg 2020/03/24 1.8d listings configuration
))
Package: listings 2020/03/24 1.8d (Carsten Heinz)

(/Users/gemmarosellguilella/Library/Application Support/MiKTeX/texmfs/install/t
ex/latex/minted/minted.sty
Package: minted 2021/12/24 v2.6 Yet another Pygments shim for LaTeX

(/Users/gemmarosellguilella/Library/Application Support/MiKTeX/texmfs/install/t
ex/latex/fvextra/fvextra.sty
Package: fvextra 2019/02/04 v1.4 fvextra - extensions and patches for fancyvrb

(/Users/gemmarosellguilella/Library/Application Support/MiKTeX/texmfs/install/t
ex/latex/base/ifthen.sty
Package: ifthen 2020/11/24 v1.1c Standard LaTeX ifthen package (DPC)
)
(/Users/gemmarosellguilella/Library/Application Support/MiKTeX/texmfs/install/t
ex/latex/fancyvrb/fancyvrb.sty
Package: fancyvrb 2021/12/21 4.1b verbatim text (tvz,hv)
\FV@CodeLineNo=\count353
\FV@InFile=\read3
\FV@TabBox=\box82
\c@FancyVerbLine=\count354
\FV@StepNumber=\count355
\FV@OutFile=\write5
)
(/Users/gemmarosellguilella/Library/Application Support/MiKTeX/texmfs/install/t
ex/latex/upquote/upquote.sty
Package: upquote 2012/04/19 v1.3 upright-quote and grave-accent glyphs in verba
tim
)
(/Users/gemmarosellguilella/Library/Application Support/MiKTeX/texmfs/install/t
ex/latex/lineno/lineno.sty
Package: lineno 2005/11/02 line numbers on paragraphs v4.41
\linenopenalty=\count356
\output=\toks52
\linenoprevgraf=\count357
\linenumbersep=\dimen311
\linenumberwidth=\dimen312
\c@linenumber=\count358
\c@pagewiselinenumber=\count359
\c@LN@truepage=\count360
\c@internallinenumber=\count361
\c@internallinenumbers=\count362
\quotelinenumbersep=\dimen313
\bframerule=\dimen314
\bframesep=\dimen315
\bframebox=\box83
LaTeX Info: Redefining \\ on input line 3056.
)
\c@FV@TrueTabGroupLevel=\count363
\c@FV@TrueTabCounter=\count364
\FV@TabBox@Group=\box84
\FV@TmpLength=\skip76
\c@FV@HighlightLinesStart=\count365
\c@FV@HighlightLinesStop=\count366
\FV@LoopCount=\count367
\FV@NCharsBox=\box85
\FV@BreakIndent=\dimen316
\FV@BreakIndentNChars=\count368
\FV@BreakSymbolSepLeft=\dimen317
\FV@BreakSymbolSepLeftNChars=\count369
\FV@BreakSymbolSepRight=\dimen318
\FV@BreakSymbolSepRightNChars=\count370
\FV@BreakSymbolIndentLeft=\dimen319
\FV@BreakSymbolIndentLeftNChars=\count371
\FV@BreakSymbolIndentRight=\dimen320
\FV@BreakSymbolIndentRightNChars=\count372
\c@FancyVerbLineBreakLast=\count373
\FV@LineBox=\box86
\FV@LineIndentBox=\box87
\FV@LineWidth=\dimen321
)
(/Users/gemmarosellguilella/Library/Application Support/MiKTeX/texmfs/install/t
ex/latex/tools/shellesc.sty
Package: shellesc 2019/11/08 v1.0c unified shell escape interface for LaTeX
Package shellesc Info: Unrestricted shell escape enabled on input line 75.
)
(/Users/gemmarosellguilella/Library/Application Support/MiKTeX/texmfs/install/t
ex/latex/ifplatform/ifplatform.sty
Package: ifplatform 2017/10/13 v0.4a Testing for the operating system

(/Users/gemmarosellguilella/Library/Application Support/MiKTeX/texmfs/install/t
ex/generic/catchfile/catchfile.sty
Package: catchfile 2019/12/09 v1.8 Catch the contents of a file (HO)
)
runsystem(uname -s > "presentation.w18")...executed.

 (presentation.w18)
runsystem(rm -- "presentation.w18")...executed.

)
(/Users/gemmarosellguilella/Library/Application Support/MiKTeX/texmfs/install/t
ex/latex/xstring/xstring.sty
(/Users/gemmarosellguilella/Library/Application Support/MiKTeX/texmfs/install/t
ex/generic/xstring/xstring.tex
\integerpart=\count374
\decimalpart=\count375
)
Package: xstring 2021/07/21 v1.84 String manipulations (CT)
)
(/Users/gemmarosellguilella/Library/Application Support/MiKTeX/texmfs/install/t
ex/latex/framed/framed.sty
Package: framed 2011/10/22 v 0.96: framed or shaded text with page breaks
\OuterFrameSep=\skip77
\fb@frw=\dimen322
\fb@frh=\dimen323
\FrameRule=\dimen324
\FrameSep=\dimen325
)
(/Users/gemmarosellguilella/Library/Application Support/MiKTeX/texmfs/install/t
ex/latex/float/float.sty
Package: float 2001/11/08 v1.3d Float enhancements (AL)
\c@float@type=\count376
\float@exts=\toks53
\float@box=\box88
\@float@everytoks=\toks54
\@floatcapt=\box89
)
\minted@appexistsfile=\read4
\minted@bgbox=\box90
\minted@code=\write6
\c@minted@FancyVerbLineTemp=\count377
\c@minted@pygmentizecounter=\count378
\@float@every@listing=\toks55
\c@listing=\count379
)
runsystem(mkdir -p _minted-presentation)...executed.


(/Users/gemmarosellguilella/Library/Application Support/MiKTeX/texmfs/install/t
ex/latex/caption/caption.sty
Package: caption 2022/02/28 v3.6a Customizing captions (AR)

(/Users/gemmarosellguilella/Library/Application Support/MiKTeX/texmfs/install/t
ex/latex/caption/caption3.sty
Package: caption3 2022/02/28 v2.3a caption3 kernel (AR)
\caption@tempdima=\dimen326
\captionmargin=\dimen327
\caption@leftmargin=\dimen328
\caption@rightmargin=\dimen329
\caption@width=\dimen330
\caption@indent=\dimen331
\caption@parindent=\dimen332
\caption@hangindent=\dimen333
Package caption Info: beamer document class detected.

(/Users/gemmarosellguilella/Library/Application Support/MiKTeX/texmfs/install/t
ex/latex/caption/caption-beamer.sto
File: caption-beamer.sto 2022/01/06 v2.0c Adaption of the caption package to th
e beamer document classes (AR)
))
\c@caption@flags=\count380
\c@continuedfloat=\count381
Package caption Info: float package is loaded.
Package caption Info: hyperref package is loaded.
Package caption Info: Hyperref support is turned off
(caption)             because hyperref has stopped early.
Package caption Info: listings package is loaded.
)
(/Users/gemmarosellguilella/Library/Application Support/MiKTeX/texmfs/install/t
ex/generic/pgf/frontendlayer/tikz/libraries/tikzlibraryautomata.code.tex
File: tikzlibraryautomata.code.tex 2021/05/15 v3.1.9a (3.1.9a)

(/Users/gemmarosellguilella/Library/Application Support/MiKTeX/texmfs/install/t
ex/generic/pgf/frontendlayer/tikz/libraries/tikzlibraryshapes.multipart.code.te
x
File: tikzlibraryshapes.multipart.code.tex 2021/05/15 v3.1.9a (3.1.9a)

(/Users/gemmarosellguilella/Library/Application Support/MiKTeX/texmfs/install/t
ex/generic/pgf/libraries/shapes/pgflibraryshapes.multipart.code.tex
File: pgflibraryshapes.multipart.code.tex 2021/05/15 v3.1.9a (3.1.9a)
\pgfnodepartlowerbox=\box91
\pgfnodeparttwobox=\box92
\pgfnodepartthreebox=\box93
\pgfnodepartfourbox=\box94
\pgfnodeparttwentybox=\box95
\pgfnodepartnineteenbox=\box96
\pgfnodeparteighteenbox=\box97
\pgfnodepartseventeenbox=\box98
\pgfnodepartsixteenbox=\box99
\pgfnodepartfifteenbox=\box100
\pgfnodepartfourteenbox=\box101
\pgfnodepartthirteenbox=\box102
\pgfnodeparttwelvebox=\box103
\pgfnodepartelevenbox=\box104
\pgfnodeparttenbox=\box105
\pgfnodepartninebox=\box106
\pgfnodeparteightbox=\box107
\pgfnodepartsevenbox=\box108
\pgfnodepartsixbox=\box109
\pgfnodepartfivebox=\box110
)))
(/Users/gemmarosellguilella/Library/Application Support/MiKTeX/texmfs/install/t
ex/generic/pgf/frontendlayer/tikz/libraries/tikzlibrarycalc.code.tex
File: tikzlibrarycalc.code.tex 2021/05/15 v3.1.9a (3.1.9a)
)
(/Users/gemmarosellguilella/Library/Application Support/MiKTeX/texmfs/install/t
ex/generic/pgf/frontendlayer/tikz/libraries/tikzlibrarytrees.code.tex
File: tikzlibrarytrees.code.tex 2021/05/15 v3.1.9a (3.1.9a)
)
(/Users/gemmarosellguilella/Library/Application Support/MiKTeX/texmfs/install/t
ex/generic/pgf/frontendlayer/tikz/libraries/tikzlibrarypositioning.code.tex
File: tikzlibrarypositioning.code.tex 2021/05/15 v3.1.9a (3.1.9a)
)
(/Users/gemmarosellguilella/Library/Application Support/MiKTeX/texmfs/install/t
ex/generic/pgf/frontendlayer/tikz/libraries/tikzlibraryarrows.code.tex
File: tikzlibraryarrows.code.tex 2021/05/15 v3.1.9a (3.1.9a)

(/Users/gemmarosellguilella/Library/Application Support/MiKTeX/texmfs/install/t
ex/generic/pgf/libraries/pgflibraryarrows.code.tex
File: pgflibraryarrows.code.tex 2021/05/15 v3.1.9a (3.1.9a)
\arrowsize=\dimen334
))
(/Users/gemmarosellguilella/Library/Application Support/MiKTeX/texmfs/install/t
ex/generic/pgf/frontendlayer/tikz/libraries/tikzlibrarychains.code.tex
File: tikzlibrarychains.code.tex 2021/05/15 v3.1.9a (3.1.9a)
)
(/Users/gemmarosellguilella/Library/Application Support/MiKTeX/texmfs/install/t
ex/generic/pgf/frontendlayer/tikz/libraries/tikzlibraryshapes.geometric.code.te
x
File: tikzlibraryshapes.geometric.code.tex 2021/05/15 v3.1.9a (3.1.9a)

(/Users/gemmarosellguilella/Library/Application Support/MiKTeX/texmfs/install/t
ex/generic/pgf/libraries/shapes/pgflibraryshapes.geometric.code.tex
File: pgflibraryshapes.geometric.code.tex 2021/05/15 v3.1.9a (3.1.9a)
))
(/Users/gemmarosellguilella/Library/Application Support/MiKTeX/texmfs/install/t
ex/generic/pgf/frontendlayer/tikz/libraries/tikzlibrarydecorations.pathreplacin
g.code.tex
(/Users/gemmarosellguilella/Library/Application Support/MiKTeX/texmfs/install/t
ex/generic/pgf/frontendlayer/tikz/libraries/tikzlibrarydecorations.code.tex
(/Users/gemmarosellguilella/Library/Application Support/MiKTeX/texmfs/install/t
ex/generic/pgf/modules/pgfmoduledecorations.code.tex
\pgfdecoratedcompleteddistance=\dimen335
\pgfdecoratedremainingdistance=\dimen336
\pgfdecoratedinputsegmentcompleteddistance=\dimen337
\pgfdecoratedinputsegmentremainingdistance=\dimen338
\pgf@decorate@distancetomove=\dimen339
\pgf@decorate@repeatstate=\count382
\pgfdecorationsegmentamplitude=\dimen340
\pgfdecorationsegmentlength=\dimen341
)
\tikz@lib@dec@box=\box111
)
(/Users/gemmarosellguilella/Library/Application Support/MiKTeX/texmfs/install/t
ex/generic/pgf/libraries/decorations/pgflibrarydecorations.pathreplacing.code.t
ex))
(/Users/gemmarosellguilella/Library/Application Support/MiKTeX/texmfs/install/t
ex/generic/pgf/frontendlayer/tikz/libraries/tikzlibrarydecorations.pathmorphing
.code.tex
(/Users/gemmarosellguilella/Library/Application Support/MiKTeX/texmfs/install/t
ex/generic/pgf/libraries/decorations/pgflibrarydecorations.pathmorphing.code.te
x))
(/Users/gemmarosellguilella/Library/Application Support/MiKTeX/texmfs/install/t
ex/generic/pgf/frontendlayer/tikz/libraries/tikzlibraryshapes.code.tex
File: tikzlibraryshapes.code.tex 2021/05/15 v3.1.9a (3.1.9a)

(/Users/gemmarosellguilella/Library/Application Support/MiKTeX/texmfs/install/t
ex/generic/pgf/frontendlayer/tikz/libraries/tikzlibraryshapes.misc.code.tex
File: tikzlibraryshapes.misc.code.tex 2021/05/15 v3.1.9a (3.1.9a)

(/Users/gemmarosellguilella/Library/Application Support/MiKTeX/texmfs/install/t
ex/generic/pgf/libraries/shapes/pgflibraryshapes.misc.code.tex
File: pgflibraryshapes.misc.code.tex 2021/05/15 v3.1.9a (3.1.9a)
))
(/Users/gemmarosellguilella/Library/Application Support/MiKTeX/texmfs/install/t
ex/generic/pgf/frontendlayer/tikz/libraries/tikzlibraryshapes.symbols.code.tex
File: tikzlibraryshapes.symbols.code.tex 2021/05/15 v3.1.9a (3.1.9a)

(/Users/gemmarosellguilella/Library/Application Support/MiKTeX/texmfs/install/t
ex/generic/pgf/libraries/shapes/pgflibraryshapes.symbols.code.tex
File: pgflibraryshapes.symbols.code.tex 2021/05/15 v3.1.9a (3.1.9a)
))
(/Users/gemmarosellguilella/Library/Application Support/MiKTeX/texmfs/install/t
ex/generic/pgf/frontendlayer/tikz/libraries/tikzlibraryshapes.arrows.code.tex
File: tikzlibraryshapes.arrows.code.tex 2021/05/15 v3.1.9a (3.1.9a)

(/Users/gemmarosellguilella/Library/Application Support/MiKTeX/texmfs/install/t
ex/generic/pgf/libraries/shapes/pgflibraryshapes.arrows.code.tex
File: pgflibraryshapes.arrows.code.tex 2021/05/15 v3.1.9a (3.1.9a)
))
(/Users/gemmarosellguilella/Library/Application Support/MiKTeX/texmfs/install/t
ex/generic/pgf/frontendlayer/tikz/libraries/tikzlibraryshapes.callouts.code.tex

(/Users/gemmarosellguilella/Library/Application Support/MiKTeX/texmfs/install/t
ex/generic/pgf/libraries/shapes/pgflibraryshapes.callouts.code.tex)))
(/Users/gemmarosellguilella/Library/Application Support/MiKTeX/texmfs/install/t
ex/generic/pgf/frontendlayer/tikz/libraries/tikzlibrarymatrix.code.tex
File: tikzlibrarymatrix.code.tex 2021/05/15 v3.1.9a (3.1.9a)
)
(/Users/gemmarosellguilella/Library/Application Support/MiKTeX/texmfs/install/t
ex/latex/newfloat/newfloat.sty
Package: newfloat 2019/09/02 v1.1l Defining new floating environments (AR)
)
(/Users/gemmarosellguilella/Library/Application Support/MiKTeX/texmfs/install/t
ex/latex/caption/subcaption.sty
Package: subcaption 2022/01/07 v1.5 Sub-captions (AR)
\c@subfigure=\count383
\c@subtable=\count384
))
runsystem(which pygmentize && touch presentation.aex)...executed.

runsystem(rm presentation.aex)...executed.


(/Users/gemmarosellguilella/Library/Application Support/MiKTeX/texmfs/install/t
ex/latex/l3backend/l3backend-pdftex.def
File: l3backend-pdftex.def 2022-02-07 L3 backend support: PDF output (pdfTeX)
\l__color_backend_stack_int=\count385
\l__pdf_internal_box=\box112
) (presentation.aux)
\openout1 = `presentation.aux'.

LaTeX Font Info:    Checking defaults for OML/cmm/m/it on input line 3.
LaTeX Font Info:    ... okay on input line 3.
LaTeX Font Info:    Checking defaults for OMS/cmsy/m/n on input line 3.
LaTeX Font Info:    ... okay on input line 3.
LaTeX Font Info:    Checking defaults for OT1/cmr/m/n on input line 3.
LaTeX Font Info:    ... okay on input line 3.
LaTeX Font Info:    Checking defaults for T1/cmr/m/n on input line 3.
LaTeX Font Info:    ... okay on input line 3.
LaTeX Font Info:    Checking defaults for TS1/cmr/m/n on input line 3.
LaTeX Font Info:    ... okay on input line 3.
LaTeX Font Info:    Checking defaults for OMX/cmex/m/n on input line 3.
LaTeX Font Info:    ... okay on input line 3.
LaTeX Font Info:    Checking defaults for U/cmr/m/n on input line 3.
LaTeX Font Info:    ... okay on input line 3.
LaTeX Font Info:    Checking defaults for PD1/pdf/m/n on input line 3.
LaTeX Font Info:    ... okay on input line 3.
LaTeX Font Info:    Checking defaults for PU/pdf/m/n on input line 3.
LaTeX Font Info:    ... okay on input line 3.

*geometry* driver: auto-detecting
*geometry* detected driver: pdftex
*geometry* verbose mode - [ preamble ] result:
* driver: pdftex
* paper: custom
* layout: <same size as paper>
* layoutoffset:(h,v)=(0.0pt,0.0pt)
* modes: includehead includefoot 
* h-part:(L,W,R)=(28.45274pt, 307.28987pt, 28.45274pt)
* v-part:(T,H,B)=(0.0pt, 273.14662pt, 0.0pt)
* \paperwidth=364.19536pt
* \paperheight=273.14662pt
* \textwidth=307.28987pt
* \textheight=244.6939pt
* \oddsidemargin=-43.81725pt
* \evensidemargin=-43.81725pt
* \topmargin=-72.26999pt
* \headheight=14.22636pt
* \headsep=0.0pt
* \topskip=11.0pt
* \footskip=14.22636pt
* \marginparwidth=4.0pt
* \marginparsep=10.0pt
* \columnsep=10.0pt
* \skip\footins=10.0pt plus 4.0pt minus 2.0pt
* \hoffset=0.0pt
* \voffset=0.0pt
* \mag=1000
* \@twocolumnfalse
* \@twosidefalse
* \@mparswitchfalse
* \@reversemarginfalse
* (1in=72.27pt=25.4mm, 1cm=28.453pt)


(/Users/gemmarosellguilella/Library/Application Support/MiKTeX/texmfs/install/t
ex/context/base/mkii/supp-pdf.mkii
[Loading MPS to PDF converter (version 2006.09.02).]
\scratchcounter=\count386
\scratchdimen=\dimen342
\scratchbox=\box113
\nofMPsegments=\count387
\nofMParguments=\count388
\everyMPshowfont=\toks56
\MPscratchCnt=\count389
\MPscratchDim=\dimen343
\MPnumerator=\count390
\makeMPintoPDFobject=\count391
\everyMPtoPDFconversion=\toks57
)
(/Users/gemmarosellguilella/Library/Application Support/MiKTeX/texmfs/install/t
ex/latex/epstopdf-pkg/epstopdf-base.sty
Package: epstopdf-base 2020-01-24 v2.11 Base part for package epstopdf
Package epstopdf-base Info: Redefining graphics rule for `.eps' on input line 4
85.

(/Users/gemmarosellguilella/Library/Application Support/MiKTeX/texmfs/install/t
ex/latex/00miktex/epstopdf-sys.cfg
File: epstopdf-sys.cfg 2021/03/18 v2.0 Configuration of epstopdf for MiKTeX
))
Package hyperref Info: Link coloring OFF on input line 3.

(/Users/gemmarosellguilella/Library/Application Support/MiKTeX/texmfs/install/t
ex/latex/hyperref/nameref.sty
Package: nameref 2021-04-02 v2.47 Cross-referencing by name of section

(/Users/gemmarosellguilella/Library/Application Support/MiKTeX/texmfs/install/t
ex/latex/refcount/refcount.sty
Package: refcount 2019/12/15 v3.6 Data extraction from label references (HO)
)
(/Users/gemmarosellguilella/Library/Application Support/MiKTeX/texmfs/install/t
ex/generic/gettitlestring/gettitlestring.sty
Package: gettitlestring 2019/12/15 v1.6 Cleanup title references (HO)
)
\c@section@level=\count392
)
LaTeX Info: Redefining \ref on input line 3.
LaTeX Info: Redefining \pageref on input line 3.
LaTeX Info: Redefining \nameref on input line 3.
 (presentation.out)
(presentation.out)
\@outlinefile=\write7
\openout7 = `presentation.out'.

LaTeX Font Info:    Overwriting symbol font `operators' in version `normal'
(Font)                  OT1/cmr/m/n --> OT1/cmss/m/n on input line 3.
LaTeX Font Info:    Overwriting symbol font `operators' in version `bold'
(Font)                  OT1/cmr/bx/n --> OT1/cmss/b/n on input line 3.
\symnumbers=\mathgroup6
\sympureletters=\mathgroup7
LaTeX Font Info:    Overwriting math alphabet `\mathrm' in version `normal'
(Font)                  OT1/cmss/m/n --> OT1/cmr/m/n on input line 3.
LaTeX Font Info:    Redeclaring math alphabet \mathbf on input line 3.
LaTeX Font Info:    Overwriting math alphabet `\mathbf' in version `normal'
(Font)                  OT1/cmr/bx/n --> OT1/cmss/b/n on input line 3.
LaTeX Font Info:    Overwriting math alphabet `\mathbf' in version `bold'
(Font)                  OT1/cmr/bx/n --> OT1/cmss/b/n on input line 3.
LaTeX Font Info:    Redeclaring math alphabet \mathsf on input line 3.
LaTeX Font Info:    Overwriting math alphabet `\mathsf' in version `normal'
(Font)                  OT1/cmss/m/n --> OT1/cmss/m/n on input line 3.
LaTeX Font Info:    Overwriting math alphabet `\mathsf' in version `bold'
(Font)                  OT1/cmss/bx/n --> OT1/cmss/m/n on input line 3.
LaTeX Font Info:    Redeclaring math alphabet \mathit on input line 3.
LaTeX Font Info:    Overwriting math alphabet `\mathit' in version `normal'
(Font)                  OT1/cmr/m/it --> OT1/cmss/m/it on input line 3.
LaTeX Font Info:    Overwriting math alphabet `\mathit' in version `bold'
(Font)                  OT1/cmr/bx/it --> OT1/cmss/m/it on input line 3.
LaTeX Font Info:    Redeclaring math alphabet \mathtt on input line 3.
LaTeX Font Info:    Overwriting math alphabet `\mathtt' in version `normal'
(Font)                  OT1/cmtt/m/n --> OT1/cmtt/m/n on input line 3.
LaTeX Font Info:    Overwriting math alphabet `\mathtt' in version `bold'
(Font)                  OT1/cmtt/m/n --> OT1/cmtt/m/n on input line 3.
LaTeX Font Info:    Overwriting symbol font `numbers' in version `bold'
(Font)                  OT1/cmss/m/n --> OT1/cmss/b/n on input line 3.
LaTeX Font Info:    Overwriting symbol font `pureletters' in version `bold'
(Font)                  OT1/cmss/m/it --> OT1/cmss/b/it on input line 3.
LaTeX Font Info:    Overwriting math alphabet `\mathrm' in version `bold'
(Font)                  OT1/cmss/b/n --> OT1/cmr/b/n on input line 3.
LaTeX Font Info:    Overwriting math alphabet `\mathbf' in version `bold'
(Font)                  OT1/cmss/b/n --> OT1/cmss/b/n on input line 3.
LaTeX Font Info:    Overwriting math alphabet `\mathsf' in version `bold'
(Font)                  OT1/cmss/m/n --> OT1/cmss/b/n on input line 3.
LaTeX Font Info:    Overwriting math alphabet `\mathit' in version `bold'
(Font)                  OT1/cmss/m/it --> OT1/cmss/b/it on input line 3.
LaTeX Font Info:    Overwriting math alphabet `\mathtt' in version `bold'
(Font)                  OT1/cmtt/m/n --> OT1/cmtt/b/n on input line 3.
LaTeX Font Info:    Redeclaring symbol font `pureletters' on input line 3.
LaTeX Font Info:    Overwriting symbol font `pureletters' in version `normal'
(Font)                  OT1/cmss/m/it --> OT1/mathkerncmss/m/sl on input line 3
.
LaTeX Font Info:    Overwriting symbol font `pureletters' in version `bold'
(Font)                  OT1/cmss/b/it --> OT1/mathkerncmss/m/sl on input line 3
.
LaTeX Font Info:    Overwriting symbol font `pureletters' in version `bold'
(Font)                  OT1/mathkerncmss/m/sl --> OT1/mathkerncmss/bx/sl on inp
ut line 3.

(/Users/gemmarosellguilella/Library/Application Support/MiKTeX/texmfs/install/t
ex/latex/translator/translator-basic-dictionary-English.dict
Dictionary: translator-basic-dictionary, Language: English 
)
(/Users/gemmarosellguilella/Library/Application Support/MiKTeX/texmfs/install/t
ex/latex/translator/translator-bibliography-dictionary-English.dict
Dictionary: translator-bibliography-dictionary, Language: English 
)
(/Users/gemmarosellguilella/Library/Application Support/MiKTeX/texmfs/install/t
ex/latex/translator/translator-environment-dictionary-English.dict
Dictionary: translator-environment-dictionary, Language: English 
)
(/Users/gemmarosellguilella/Library/Application Support/MiKTeX/texmfs/install/t
ex/latex/translator/translator-months-dictionary-English.dict
Dictionary: translator-months-dictionary, Language: English 
)
(/Users/gemmarosellguilella/Library/Application Support/MiKTeX/texmfs/install/t
ex/latex/translator/translator-numbers-dictionary-English.dict
Dictionary: translator-numbers-dictionary, Language: English 
)
(/Users/gemmarosellguilella/Library/Application Support/MiKTeX/texmfs/install/t
ex/latex/translator/translator-theorem-dictionary-English.dict
Dictionary: translator-theorem-dictionary, Language: English 
)
(/Users/gemmarosellguilella/Library/Application Support/MiKTeX/texmfs/install/t
ex/latex/base/textcomp.sty
Package: textcomp 2020/02/02 v2.0n Standard LaTeX package
)
\c@lstlisting=\count393
Package caption Info: Begin \AtBeginDocument code.
Package caption Info: End \AtBeginDocument code.
Package newfloat Info: `float' package detected.
 (presentation.nav)
Overfull \vbox (44.55656pt too high) detected at line 5
 []

[1

{/Users/gemmarosellguilella/Library/Application Support/MiKTeX/texmfs/data/font
s/map/pdftex/pdftex.map}] (presentation.toc) [2

]
LaTeX Font Info:    Trying to load font information for U+msa on input line 13.


(/Users/gemmarosellguilella/Library/Application Support/MiKTeX/texmfs/install/t
ex/latex/amsfonts/umsa.fd
File: umsa.fd 2013/01/14 v3.01 AMS symbols A
)
LaTeX Font Info:    Trying to load font information for U+msb on input line 13.


(/Users/gemmarosellguilella/Library/Application Support/MiKTeX/texmfs/install/t
ex/latex/amsfonts/umsb.fd
File: umsb.fd 2013/01/14 v3.01 AMS symbols B
)
LaTeX Font Info:    Trying to load font information for OT1+mathkerncmss on inp
ut line 13.

(/Users/gemmarosellguilella/Library/Application Support/MiKTeX/texmfs/install/t
ex/latex/sansmathaccent/ot1mathkerncmss.fd
File: ot1mathkerncmss.fd 2020/01/31 Fontinst v1.933 font definitions for OT1/ma
thkerncmss.
) [3

] (slides/objectives.tex
\openout4 = `presentation.vrb'.


(presentation.vrb) [4

]) (slides/arq.tex
\openout4 = `presentation.vrb'.

 (presentation.vrb
<images//arquitectura_sistema.png, id=95, 525.965pt x 502.87875pt>
File: images//arquitectura_sistema.png Graphic file (type png)
<use images//arquitectura_sistema.png>
Package pdftex.def Info: images//arquitectura_sistema.png  used on input line 4
.
(pdftex.def)             Requested size: 218.01457pt x 208.44698pt.
)
Overfull \vbox (5.70107pt too high) detected at line 6
 []

[5

 <./images//arquitectura_sistema.png>]) [6

] (slides/bd.tex
\openout4 = `presentation.vrb'.

 (presentation.vrb
<images//BD.png, id=108, 490.83376pt x 680.5425pt>
File: images//BD.png Graphic file (type png)
<use images//BD.png>
Package pdftex.def Info: images//BD.png  used on input line 4.
(pdftex.def)             Requested size: 150.33693pt x 208.44698pt.
)
Overfull \vbox (5.70107pt too high) detected at line 6
 []

[7

 <./images//BD.png>]) (slides/restApis.tex
\openout4 = `presentation.vrb'.

 (presentation.vrb) [8

]
\openout4 = `presentation.vrb'.


(presentation.vrb
LaTeX Font Info:    Trying to load font information for OMS+cmss on input line 
9.
LaTeX Font Info:    No file OMScmss.fd. on input line 9.


LaTeX Font Warning: Font shape `OMS/cmss/m/n' undefined
(Font)              using `OMS/cmsy/m/n' instead
(Font)              for symbol `textbraceleft' on input line 9.

) [9

]
\openout4 = `presentation.vrb'.

 (presentation.vrb) [10

]
\openout4 = `presentation.vrb'.

 (presentation.vrb) [11

]
\openout4 = `presentation.vrb'.

 (presentation.vrb
LaTeX Font Info:    Trying to load font information for TS1+cmss on input line 
8.

(/Users/gemmarosellguilella/Library/Application Support/MiKTeX/texmfs/install/t
ex/latex/base/ts1cmss.fd
File: ts1cmss.fd 2019/12/16 v2.5j Standard LaTeX font definitions
)
Overfull \hbox (2.6075pt too wide) in paragraph at lines 4--11
 [] 
 []

) [12

]
\openout4 = `presentation.vrb'.

 (presentation.vrb) [13

]) [14

] (slides/front.tex
\openout4 = `presentation.vrb'.

 (presentation.vrb
<images//pantalla0_login.png, id=155, 390.45876pt x 832.10875pt>
File: images//pantalla0_login.png Graphic file (type png)
<use images//pantalla0_login.png>
Package pdftex.def Info: images//pantalla0_login.png  used on input line 4.
(pdftex.def)             Requested size: 69.04028pt x 147.13948pt.
)
[15

 <./images//pantalla0_login.png>]
\openout4 = `presentation.vrb'.

 (presentation.vrb
<images//pantalla1_registre.png, id=162, 380.42125pt x 824.07875pt>
File: images//pantalla1_registre.png Graphic file (type png)
<use images//pantalla1_registre.png>
Package pdftex.def Info: images//pantalla1_registre.png  used on input line 4.
(pdftex.def)             Requested size: 67.9214pt x 147.13948pt.
) [16

 <./images//pantalla1_registre.png>]
\openout4 = `presentation.vrb'.

 (presentation.vrb
<images//pantalla2_index.png, id=169, 386.44376pt x 831.105pt>
File: images//pantalla2_index.png Graphic file (type png)
<use images//pantalla2_index.png>
Package pdftex.def Info: images//pantalla2_index.png  used on input line 4.
(pdftex.def)             Requested size: 68.41292pt x 147.13948pt.
) [17

 <./images//pantalla2_index.png>]
\openout4 = `presentation.vrb'.


(presentation.vrb
<images//pantalla9_edit_user.png, id=176, 393.47pt x 841.1425pt>
File: images//pantalla9_edit_user.png Graphic file (type png)
<use images//pantalla9_edit_user.png>
Package pdftex.def Info: images//pantalla9_edit_user.png  used on input line 4.

(pdftex.def)             Requested size: 68.82825pt x 147.13948pt.
) [18

 <./images//pantalla9_edit_user.png>]
\openout4 = `presentation.vrb'.

 (presentation.vrb
<images//pantalla10_edit_car.png, id=183, 398.48875pt x 850.17625pt>
File: images//pantalla10_edit_car.png Graphic file (type png)
<use images//pantalla10_edit_car.png>
Package pdftex.def Info: images//pantalla10_edit_car.png  used on input line 4.

(pdftex.def)             Requested size: 68.96436pt x 147.13948pt.
)
[19

 <./images//pantalla10_edit_car.png>]
\openout4 = `presentation.vrb'.

 (presentation.vrb
<images//pantalla11_add_car.png, id=191, 406.51875pt x 843.15pt>
File: images//pantalla11_add_car.png Graphic file (type png)
<use images//pantalla11_add_car.png>
Package pdftex.def Info: images//pantalla11_add_car.png  used on input line 4.
(pdftex.def)             Requested size: 70.93713pt x 147.13948pt.
) [20

 <./images//pantalla11_add_car.png>]
\openout4 = `presentation.vrb'.

 (presentation.vrb
<images//pantalla3_codiQR.png, id=198, 393.47pt x 843.15pt>
File: images//pantalla3_codiQR.png Graphic file (type png)
<use images//pantalla3_codiQR.png>
Package pdftex.def Info: images//pantalla3_codiQR.png  used on input line 4.
(pdftex.def)             Requested size: 68.66014pt x 147.13948pt.
) [21

 <./images//pantalla3_codiQR.png>]
\openout4 = `presentation.vrb'.


(presentation.vrb
<images//pantalla4_informacio.png, id=205, 398.48875pt x 839.135pt>
File: images//pantalla4_informacio.png Graphic file (type png)
<use images//pantalla4_informacio.png>
Package pdftex.def Info: images//pantalla4_informacio.png  used on input line 4
.
(pdftex.def)             Requested size: 69.87035pt x 147.13948pt.
) [22

 <./images//pantalla4_informacio.png>]
\openout4 = `presentation.vrb'.

 (presentation.vrb
<images//pantalla5_pagament.png, id=212, 402.50375pt x 839.135pt>
File: images//pantalla5_pagament.png Graphic file (type png)
<use images//pantalla5_pagament.png>
Package pdftex.def Info: images//pantalla5_pagament.png  used on input line 4.
(pdftex.def)             Requested size: 70.57433pt x 147.13948pt.
) [23

 <./images//pantalla5_pagament.png>]
\openout4 = `presentation.vrb'.

 (presentation.vrb
<images//pantalla7_pagament_success.png, id=219, 396.48125pt x 838.13126pt>
File: images//pantalla7_pagament_success.png Graphic file (type png)
<use images//pantalla7_pagament_success.png>
Package pdftex.def Info: images//pantalla7_pagament_success.png  used on input 
line 4.
(pdftex.def)             Requested size: 69.60304pt x 147.13948pt.
) [24

 <./images//pantalla7_pagament_success.png>]
\openout4 = `presentation.vrb'.

 (presentation.vrb
<images//pantalla6_pagamanet_cancel.png, id=226, 391.4625pt x 834.11626pt>
File: images//pantalla6_pagamanet_cancel.png Graphic file (type png)
<use images//pantalla6_pagamanet_cancel.png>
Package pdftex.def Info: images//pantalla6_pagamanet_cancel.png  used on input 
line 4.
(pdftex.def)             Requested size: 69.05052pt x 147.13948pt.
) [25

 <./images//pantalla6_pagamanet_cancel.png>]
\openout4 = `presentation.vrb'.

 (presentation.vrb
<images//pantalla12_admin.png, id=235, 1685.29625pt x 917.4275pt>
File: images//pantalla12_admin.png Graphic file (type png)
<use images//pantalla12_admin.png>
Package pdftex.def Info: images//pantalla12_admin.png  used on input line 4.
(pdftex.def)             Requested size: 315.32367pt x 171.66023pt.

Overfull \hbox (8.0338pt too wide) in paragraph at lines 4--5
 [] 
 []

)
Overfull \vbox (18.35416pt too high) detected at line 87
 []

[26

 <./images//pantalla12_admin.png>]
\openout4 = `presentation.vrb'.

 (presentation.vrb
<images//pantalla13_stripe.png, id=242, 1349.04pt x 910.40125pt>
File: images//pantalla13_stripe.png Graphic file (type png)
<use images//pantalla13_stripe.png>
Package pdftex.def Info: images//pantalla13_stripe.png  used on input line 4.
(pdftex.def)             Requested size: 254.36472pt x 171.66023pt.
)
Overfull \vbox (2.71423pt too high) detected at line 94
 []

[27

 <./images//pantalla13_stripe.png>]) [28

] (slides/rasp.tex
\openout4 = `presentation.vrb'.

 (presentation.vrb
<images//Barrera.png, id=254, 2283.53125pt x 1773.62625pt>
File: images//Barrera.png Graphic file (type png)
<use images//Barrera.png>
Package pdftex.def Info: images//Barrera.png  used on input line 4.
(pdftex.def)             Requested size: 268.36722pt x 208.44698pt.
)
Overfull \vbox (5.70107pt too high) detected at line 6
 []

[29

 <./images//Barrera.png>]) [30

] (slides/treballFutur.tex
\openout4 = `presentation.vrb'.

 (presentation.vrb)
[31

])
\tf@nav=\write8
\openout8 = `presentation.nav'.

\tf@toc=\write9
\openout9 = `presentation.toc'.

\tf@snm=\write10
\openout10 = `presentation.snm'.

 (presentation.aux)

LaTeX Font Warning: Some font shapes were not available, defaults substituted.

Package rerunfilecheck Info: File `presentation.out' has not changed.
(rerunfilecheck)             Checksum: 54C5936C6B15A2D2E5F703B29C048157;1246.
 ) 
Here is how much of TeX's memory you used:
 34666 strings out of 478583
 761756 string characters out of 2829284
 1016778 words of memory out of 3000000
 52007 multiletter control sequences out of 15000+600000
 478839 words of font info for 61 fonts, out of 8000000 for 9000
 1141 hyphenation exceptions out of 8191
 133i,13n,125p,1862b,814s stack positions out of 10000i,1000n,20000p,200000b,80000s
 </Users/gemmarosellguilella/Library/Application Support/MiKTeX/texmfs/data/f
onts/pk/ljfour/jknappen/ec/dpi600/tcss1000.pk> </Users/gemmarosellguilella/Libr
ary/Application Support/MiKTeX/texmfs/data/fonts/pk/ljfour/jknappen/ec/dpi600/t
css1095.pk></Users/gemmarosellguilella/Library/Application Support/MiKTeX/texmf
s/install/fonts/type1/public/amsfonts/cm/cmss10.pfb></Users/gemmarosellguilella
/Library/Application Support/MiKTeX/texmfs/install/fonts/type1/public/amsfonts/
cm/cmss12.pfb></Users/gemmarosellguilella/Library/Application Support/MiKTeX/te
xmfs/install/fonts/type1/public/amsfonts/cm/cmss8.pfb></Users/gemmarosellguilel
la/Library/Application Support/MiKTeX/texmfs/install/fonts/type1/public/amsfont
s/cm/cmssbx10.pfb></Users/gemmarosellguilella/Library/Application Support/MiKTe
X/texmfs/install/fonts/type1/public/amsfonts/cm/cmssi10.pfb></Users/gemmarosell
guilella/Library/Application Support/MiKTeX/texmfs/install/fonts/type1/public/a
msfonts/cm/cmsy10.pfb>
Output written on presentation.pdf (31 pages, 3771007 bytes).
PDF statistics:
 325 PDF objects out of 1000 (max. 8388607)
 75 named destinations out of 1000 (max. 500000)
 219 words of extra memory for PDF output out of 10000 (max. 10000000)

